# JRE version: OpenJDK Runtime Environment Temurin-21.0.6+7 (21.0.6+7) (build 21.0.6+7-LTS)
# Java VM: OpenJDK 64-Bit Server VM Temurin-21.0.6+7 (21.0.6+7-LTS, mixed mode, sharing, tiered, compressed oops, compressed class ptrs, parallel gc, windows-amd64)
GC Precious Log:
 CardTable entry size: 512
 CPUs: 8 total, 8 available
 Memory: 16131M
 Large Page Support: Disabled
 NUMA Support: Disabled
 Compressed Oops: Enabled (32-bit)
 Alignments: Space 512K, Generation 512K, Heap 2M
 Heap Min Capacity: 100M
 Heap Initial Capacity: 100M
 Heap Max Capacity: 1G
 Pre-touch: Disabled
 Parallel Workers: 8
Heap:
 PSYoungGen      total 20992K, used 19051K [0x00000000eab00000, 0x00000000ec400000, 0x0000000100000000)
  eden space 19456K, 90% used [0x00000000eab00000,0x00000000ebc32e78,0x00000000ebe00000)
  from space 1536K, 93% used [0x00000000ebe00000,0x00000000ebf68000,0x00000000ebf80000)
  to   space 3072K, 0% used [0x00000000ec100000,0x00000000ec100000,0x00000000ec400000)
 ParOldGen       total 68608K, used 28619K [0x00000000c0000000, 0x00000000c4300000, 0x00000000eab00000)
  object space 68608K, 41% used [0x00000000c0000000,0x00000000c1bf2cd0,0x00000000c4300000)
 Metaspace       used 36506K, committed 37504K, reserved 1114112K
  class space    used 3660K, committed 4096K, reserved 1048576K
GC Heap History (20 events):
Event: 18.594 GC heap before
{Heap before GC invocations=10 (full 1):
 PSYoungGen      total 27136K, used 27117K [0x00000000eab00000, 0x00000000eca80000, 0x0000000100000000)
  eden space 24064K, 100% used [0x00000000eab00000,0x00000000ec280000,0x00000000ec280000)
  from space 3072K, 99% used [0x00000000ec780000,0x00000000eca7b798,0x00000000eca80000)
  to   space 3584K, 0% used [0x00000000ec380000,0x00000000ec380000,0x00000000ec700000)
 ParOldGen       total 68608K, used 10731K [0x00000000c0000000, 0x00000000c4300000, 0x00000000eab00000)
  object space 68608K, 15% used [0x00000000c0000000,0x00000000c0a7add0,0x00000000c4300000)
 Metaspace       used 32085K, committed 32832K, reserved 1114112K
  class space    used 3169K, committed 3456K, reserved 1048576K
}
Event: 18.598 GC heap after
{Heap after GC invocations=10 (full 1):
 PSYoungGen      total 27136K, used 3578K [0x00000000eab00000, 0x00000000ecc00000, 0x0000000100000000)
  eden space 23552K, 0% used [0x00000000eab00000,0x00000000eab00000,0x00000000ec200000)
  from space 3584K, 99% used [0x00000000ec380000,0x00000000ec6feb38,0x00000000ec700000)
  to   space 5120K, 0% used [0x00000000ec700000,0x00000000ec700000,0x00000000ecc00000)
 ParOldGen       total 68608K, used 11657K [0x00000000c0000000, 0x00000000c4300000, 0x00000000eab00000)
  object space 68608K, 16% used [0x00000000c0000000,0x00000000c0b624a0,0x00000000c4300000)
 Metaspace       used 32085K, committed 32832K, reserved 1114112K
  class space    used 3169K, committed 3456K, reserved 1048576K
}
Event: 19.106 GC heap before
{Heap before GC invocations=11 (full 1):
 PSYoungGen      total 27136K, used 27130K [0x00000000eab00000, 0x00000000ecc00000, 0x0000000100000000)
  eden space 23552K, 100% used [0x00000000eab00000,0x00000000ec200000,0x00000000ec200000)
  from space 3584K, 99% used [0x00000000ec380000,0x00000000ec6feb38,0x00000000ec700000)
  to   space 5120K, 0% used [0x00000000ec700000,0x00000000ec700000,0x00000000ecc00000)
 ParOldGen       total 68608K, used 11657K [0x00000000c0000000, 0x00000000c4300000, 0x00000000eab00000)
  object space 68608K, 16% used [0x00000000c0000000,0x00000000c0b624a0,0x00000000c4300000)
 Metaspace       used 34552K, committed 35392K, reserved 1114112K
  class space    used 3414K, committed 3776K, reserved 1048576K
}
Event: 19.112 GC heap after
{Heap after GC invocations=11 (full 1):
 PSYoungGen      total 26624K, used 3474K [0x00000000eab00000, 0x00000000eca80000, 0x0000000100000000)
  eden space 23040K, 0% used [0x00000000eab00000,0x00000000eab00000,0x00000000ec180000)
  from space 3584K, 96% used [0x00000000ec700000,0x00000000eca64b70,0x00000000eca80000)
  to   space 4096K, 0% used [0x00000000ec280000,0x00000000ec280000,0x00000000ec680000)
 ParOldGen       total 68608K, used 13906K [0x00000000c0000000, 0x00000000c4300000, 0x00000000eab00000)
  object space 68608K, 20% used [0x00000000c0000000,0x00000000c0d94a80,0x00000000c4300000)
 Metaspace       used 34552K, committed 35392K, reserved 1114112K
  class space    used 3414K, committed 3776K, reserved 1048576K
}
Event: 19.255 GC heap before
{Heap before GC invocations=12 (full 1):
 PSYoungGen      total 26624K, used 26514K [0x00000000eab00000, 0x00000000eca80000, 0x0000000100000000)
  eden space 23040K, 100% used [0x00000000eab00000,0x00000000ec180000,0x00000000ec180000)
  from space 3584K, 96% used [0x00000000ec700000,0x00000000eca64b70,0x00000000eca80000)
  to   space 4096K, 0% used [0x00000000ec280000,0x00000000ec280000,0x00000000ec680000)
 ParOldGen       total 68608K, used 13925K [0x00000000c0000000, 0x00000000c4300000, 0x00000000eab00000)
  object space 68608K, 20% used [0x00000000c0000000,0x00000000c0d99770,0x00000000c4300000)
 Metaspace       used 34627K, committed 35520K, reserved 1114112K
  class space    used 3420K, committed 3840K, reserved 1048576K
}
Event: 19.261 GC heap after
{Heap after GC invocations=12 (full 1):
 PSYoungGen      total 25600K, used 2100K [0x00000000eab00000, 0x00000000ec780000, 0x0000000100000000)
  eden space 23040K, 0% used [0x00000000eab00000,0x00000000eab00000,0x00000000ec180000)
  from space 2560K, 82% used [0x00000000ec280000,0x00000000ec48d100,0x00000000ec500000)
  to   space 2560K, 0% used [0x00000000ec500000,0x00000000ec500000,0x00000000ec780000)
 ParOldGen       total 68608K, used 17236K [0x00000000c0000000, 0x00000000c4300000, 0x00000000eab00000)
  object space 68608K, 25% used [0x00000000c0000000,0x00000000c10d53f0,0x00000000c4300000)
 Metaspace       used 34627K, committed 35520K, reserved 1114112K
  class space    used 3420K, committed 3840K, reserved 1048576K
}
Event: 19.383 GC heap before
{Heap before GC invocations=13 (full 1):
 PSYoungGen      total 25600K, used 25140K [0x00000000eab00000, 0x00000000ec780000, 0x0000000100000000)
  eden space 23040K, 100% used [0x00000000eab00000,0x00000000ec180000,0x00000000ec180000)
  from space 2560K, 82% used [0x00000000ec280000,0x00000000ec48d100,0x00000000ec500000)
  to   space 2560K, 0% used [0x00000000ec500000,0x00000000ec500000,0x00000000ec780000)
 ParOldGen       total 68608K, used 17302K [0x00000000c0000000, 0x00000000c4300000, 0x00000000eab00000)
  object space 68608K, 25% used [0x00000000c0000000,0x00000000c10e5be0,0x00000000c4300000)
 Metaspace       used 34995K, committed 35840K, reserved 1114112K
  class space    used 3485K, committed 3904K, reserved 1048576K
}
Event: 19.389 GC heap after
{Heap after GC invocations=13 (full 1):
 PSYoungGen      total 25088K, used 2434K [0x00000000eab00000, 0x00000000ec780000, 0x0000000100000000)
  eden space 22528K, 0% used [0x00000000eab00000,0x00000000eab00000,0x00000000ec100000)
  from space 2560K, 95% used [0x00000000ec500000,0x00000000ec760840,0x00000000ec780000)
  to   space 2560K, 0% used [0x00000000ec280000,0x00000000ec280000,0x00000000ec500000)
 ParOldGen       total 68608K, used 19198K [0x00000000c0000000, 0x00000000c4300000, 0x00000000eab00000)
  object space 68608K, 27% used [0x00000000c0000000,0x00000000c12bfbe0,0x00000000c4300000)
 Metaspace       used 34995K, committed 35840K, reserved 1114112K
  class space    used 3485K, committed 3904K, reserved 1048576K
}
Event: 19.449 GC heap before
{Heap before GC invocations=14 (full 1):
 PSYoungGen      total 25088K, used 17620K [0x00000000eab00000, 0x00000000ec780000, 0x0000000100000000)
  eden space 22528K, 67% used [0x00000000eab00000,0x00000000eb9d4868,0x00000000ec100000)
  from space 2560K, 95% used [0x00000000ec500000,0x00000000ec760840,0x00000000ec780000)
  to   space 2560K, 0% used [0x00000000ec280000,0x00000000ec280000,0x00000000ec500000)
 ParOldGen       total 68608K, used 19198K [0x00000000c0000000, 0x00000000c4300000, 0x00000000eab00000)
  object space 68608K, 27% used [0x00000000c0000000,0x00000000c12bfbe0,0x00000000c4300000)
 Metaspace       used 35010K, committed 35840K, reserved 1114112K
  class space    used 3488K, committed 3904K, reserved 1048576K
}
Event: 19.453 GC heap after
{Heap after GC invocations=14 (full 1):
 PSYoungGen      total 24576K, used 1568K [0x00000000eab00000, 0x00000000ec580000, 0x0000000100000000)
  eden space 22528K, 0% used [0x00000000eab00000,0x00000000eab00000,0x00000000ec100000)
  from space 2048K, 76% used [0x00000000ec280000,0x00000000ec408000,0x00000000ec480000)
  to   space 1024K, 0% used [0x00000000ec480000,0x00000000ec480000,0x00000000ec580000)
 ParOldGen       total 68608K, used 21485K [0x00000000c0000000, 0x00000000c4300000, 0x00000000eab00000)
  object space 68608K, 31% used [0x00000000c0000000,0x00000000c14fb548,0x00000000c4300000)
 Metaspace       used 35010K, committed 35840K, reserved 1114112K
  class space    used 3488K, committed 3904K, reserved 1048576K
}
Event: 19.453 GC heap before
{Heap before GC invocations=15 (full 2):
 PSYoungGen      total 24576K, used 1568K [0x00000000eab00000, 0x00000000ec580000, 0x0000000100000000)
  eden space 22528K, 0% used [0x00000000eab00000,0x00000000eab00000,0x00000000ec100000)
  from space 2048K, 76% used [0x00000000ec280000,0x00000000ec408000,0x00000000ec480000)
  to   space 1024K, 0% used [0x00000000ec480000,0x00000000ec480000,0x00000000ec580000)
 ParOldGen       total 68608K, used 21485K [0x00000000c0000000, 0x00000000c4300000, 0x00000000eab00000)
  object space 68608K, 31% used [0x00000000c0000000,0x00000000c14fb548,0x00000000c4300000)
 Metaspace       used 35010K, committed 35840K, reserved 1114112K
  class space    used 3488K, committed 3904K, reserved 1048576K
}
Event: 19.510 GC heap after
{Heap after GC invocations=15 (full 2):
 PSYoungGen      total 24576K, used 0K [0x00000000eab00000, 0x00000000ec580000, 0x0000000100000000)
  eden space 22528K, 0% used [0x00000000eab00000,0x00000000eab00000,0x00000000ec100000)
  from space 2048K, 0% used [0x00000000ec280000,0x00000000ec280000,0x00000000ec480000)
  to   space 1024K, 0% used [0x00000000ec480000,0x00000000ec480000,0x00000000ec580000)
 ParOldGen       total 68608K, used 22127K [0x00000000c0000000, 0x00000000c4300000, 0x00000000eab00000)
  object space 68608K, 32% used [0x00000000c0000000,0x00000000c159bf78,0x00000000c4300000)
 Metaspace       used 35010K, committed 35840K, reserved 1114112K
  class space    used 3488K, committed 3904K, reserved 1048576K
}
Event: 19.648 GC heap before
{Heap before GC invocations=16 (full 2):
 PSYoungGen      total 24576K, used 22528K [0x00000000eab00000, 0x00000000ec580000, 0x0000000100000000)
  eden space 22528K, 100% used [0x00000000eab00000,0x00000000ec100000,0x00000000ec100000)
  from space 2048K, 0% used [0x00000000ec280000,0x00000000ec280000,0x00000000ec480000)
  to   space 1024K, 0% used [0x00000000ec480000,0x00000000ec480000,0x00000000ec580000)
 ParOldGen       total 68608K, used 22127K [0x00000000c0000000, 0x00000000c4300000, 0x00000000eab00000)
  object space 68608K, 32% used [0x00000000c0000000,0x00000000c159bf78,0x00000000c4300000)
 Metaspace       used 35027K, committed 35904K, reserved 1114112K
  class space    used 3495K, committed 3904K, reserved 1048576K
}
Event: 19.653 GC heap after
{Heap after GC invocations=16 (full 2):
 PSYoungGen      total 23040K, used 996K [0x00000000eab00000, 0x00000000ec580000, 0x0000000100000000)
  eden space 22016K, 0% used [0x00000000eab00000,0x00000000eab00000,0x00000000ec080000)
  from space 1024K, 97% used [0x00000000ec480000,0x00000000ec579010,0x00000000ec580000)
  to   space 2560K, 0% used [0x00000000ec080000,0x00000000ec080000,0x00000000ec300000)
 ParOldGen       total 68608K, used 23108K [0x00000000c0000000, 0x00000000c4300000, 0x00000000eab00000)
  object space 68608K, 33% used [0x00000000c0000000,0x00000000c1691078,0x00000000c4300000)
 Metaspace       used 35027K, committed 35904K, reserved 1114112K
  class space    used 3495K, committed 3904K, reserved 1048576K
}
Event: 19.809 GC heap before
{Heap before GC invocations=17 (full 2):
 PSYoungGen      total 23040K, used 23012K [0x00000000eab00000, 0x00000000ec580000, 0x0000000100000000)
  eden space 22016K, 100% used [0x00000000eab00000,0x00000000ec080000,0x00000000ec080000)
  from space 1024K, 97% used [0x00000000ec480000,0x00000000ec579010,0x00000000ec580000)
  to   space 2560K, 0% used [0x00000000ec080000,0x00000000ec080000,0x00000000ec300000)
 ParOldGen       total 68608K, used 23108K [0x00000000c0000000, 0x00000000c4300000, 0x00000000eab00000)
  object space 68608K, 33% used [0x00000000c0000000,0x00000000c1691078,0x00000000c4300000)
 Metaspace       used 35039K, committed 35904K, reserved 1114112K
  class space    used 3496K, committed 3904K, reserved 1048576K
}
Event: 19.813 GC heap after
{Heap after GC invocations=17 (full 2):
 PSYoungGen      total 24576K, used 2208K [0x00000000eab00000, 0x00000000ec580000, 0x0000000100000000)
  eden space 22016K, 0% used [0x00000000eab00000,0x00000000eab00000,0x00000000ec080000)
  from space 2560K, 86% used [0x00000000ec080000,0x00000000ec2a8010,0x00000000ec300000)
  to   space 2560K, 0% used [0x00000000ec300000,0x00000000ec300000,0x00000000ec580000)
 ParOldGen       total 68608K, used 24085K [0x00000000c0000000, 0x00000000c4300000, 0x00000000eab00000)
  object space 68608K, 35% used [0x00000000c0000000,0x00000000c17855a0,0x00000000c4300000)
 Metaspace       used 35039K, committed 35904K, reserved 1114112K
  class space    used 3496K, committed 3904K, reserved 1048576K
}
Event: 20.005 GC heap before
{Heap before GC invocations=18 (full 2):
 PSYoungGen      total 24576K, used 24224K [0x00000000eab00000, 0x00000000ec580000, 0x0000000100000000)
  eden space 22016K, 100% used [0x00000000eab00000,0x00000000ec080000,0x00000000ec080000)
  from space 2560K, 86% used [0x00000000ec080000,0x00000000ec2a8010,0x00000000ec300000)
  to   space 2560K, 0% used [0x00000000ec300000,0x00000000ec300000,0x00000000ec580000)
 ParOldGen       total 68608K, used 24085K [0x00000000c0000000, 0x00000000c4300000, 0x00000000eab00000)
  object space 68608K, 35% used [0x00000000c0000000,0x00000000c17855a0,0x00000000c4300000)
 Metaspace       used 35275K, committed 36160K, reserved 1114112K
  class space    used 3529K, committed 3968K, reserved 1048576K
}
Event: 20.010 GC heap after
{Heap after GC invocations=18 (full 2):
 PSYoungGen      total 22016K, used 2541K [0x00000000eab00000, 0x00000000eca80000, 0x0000000100000000)
  eden space 19456K, 0% used [0x00000000eab00000,0x00000000eab00000,0x00000000ebe00000)
  from space 2560K, 99% used [0x00000000ec300000,0x00000000ec57b510,0x00000000ec580000)
  to   space 5120K, 0% used [0x00000000ebe00000,0x00000000ebe00000,0x00000000ec300000)
 ParOldGen       total 68608K, used 26189K [0x00000000c0000000, 0x00000000c4300000, 0x00000000eab00000)
  object space 68608K, 38% used [0x00000000c0000000,0x00000000c19935b0,0x00000000c4300000)
 Metaspace       used 35275K, committed 36160K, reserved 1114112K
  class space    used 3529K, committed 3968K, reserved 1048576K
}
Event: 20.199 GC heap before
{Heap before GC invocations=19 (full 2):
 PSYoungGen      total 22016K, used 21971K [0x00000000eab00000, 0x00000000eca80000, 0x0000000100000000)
  eden space 19456K, 99% used [0x00000000eab00000,0x00000000ebdf97d8,0x00000000ebe00000)
  from space 2560K, 99% used [0x00000000ec300000,0x00000000ec57b510,0x00000000ec580000)
  to   space 5120K, 0% used [0x00000000ebe00000,0x00000000ebe00000,0x00000000ec300000)
 ParOldGen       total 68608K, used 26189K [0x00000000c0000000, 0x00000000c4300000, 0x00000000eab00000)
  object space 68608K, 38% used [0x00000000c0000000,0x00000000c19935b0,0x00000000c4300000)
 Metaspace       used 35449K, committed 36352K, reserved 1114112K
  class space    used 3556K, committed 3968K, reserved 1048576K
}
Event: 20.205 GC heap after
{Heap after GC invocations=19 (full 2):
 PSYoungGen      total 20992K, used 1440K [0x00000000eab00000, 0x00000000ec400000, 0x0000000100000000)
  eden space 19456K, 0% used [0x00000000eab00000,0x00000000eab00000,0x00000000ebe00000)
  from space 1536K, 93% used [0x00000000ebe00000,0x00000000ebf68000,0x00000000ebf80000)
  to   space 3072K, 0% used [0x00000000ec100000,0x00000000ec100000,0x00000000ec400000)
 ParOldGen       total 68608K, used 28619K [0x00000000c0000000, 0x00000000c4300000, 0x00000000eab00000)
  object space 68608K, 41% used [0x00000000c0000000,0x00000000c1bf2cd0,0x00000000c4300000)
 Metaspace       used 35449K, committed 36352K, reserved 1114112K
  class space    used 3556K, committed 3968K, reserved 1048576K
}

